[0917/080813.420:ERROR:process_info.cc(632)] range at 0x4acd270000000000, size 0xaa fully unreadable
[0917/080815.779:ERROR:process_info.cc(632)] range at 0x4acd272000000000, size 0xaa fully unreadable
[0917/080815.779:ERROR:process_info.cc(632)] range at 0x0, size 0xaa fully unreadable
[0917/080840.680:ERROR:process_reader_win.cc(242)] ReadMemory at 0x7ff658a10000 of 64 bytes failed: Only part of a ReadProcessMemory or WriteProcessMemory request was completed. (0x12B)
[0917/080840.680:WARNING:pe_image_reader.cc(281)] could not read dos header from C:\Program Files (x86)\Google\Chrome\Application\chrome.exe
[0917/080840.853:ERROR:process_reader_win.cc(242)] ReadMemory at 0x7ffd53f3e000 of 48 bytes failed: Only part of a ReadProcessMemory or WriteProcessMemory request was completed. (0x12B)
[0917/080840.853:WARNING:pe_image_reader.cc(104)] could not read crashpad info from C:\Program Files (x86)\Google\Chrome\Application\60.0.3112.113\chrome_elf.dll
[0917/080840.853:ERROR:process_reader_win.cc(242)] ReadMemory at 0x7ffd75960000 of 64 bytes failed: Only part of a ReadProcessMemory or WriteProcessMemory request was completed. (0x12B)
[0917/080840.853:WARNING:pe_image_reader.cc(281)] could not read dos header from C:\Windows\system32\RPCRT4.dll
[0917/080840.853:ERROR:process_reader_win.cc(242)] ReadMemory at 0x7ffd74f00000 of 64 bytes failed: Only part of a ReadProcessMemory or WriteProcessMemory request was completed. (0x12B)
[0917/080840.853:WARNING:pe_image_reader.cc(281)] could not read dos header from C:\Windows\SYSTEM32\sechost.dll
[0917/080840.853:ERROR:process_reader_win.cc(242)] ReadMemory at 0x7ffd770d0000 of 64 bytes failed: Only part of a ReadProcessMemory or WriteProcessMemory request was completed. (0x12B)
[0917/080840.853:WARNING:pe_image_reader.cc(281)] could not read dos header from C:\Windows\system32\ADVAPI32.dll
[0917/080840.853:ERROR:process_reader_win.cc(242)] ReadMemory at 0x7ffd75c80000 of 64 bytes failed: Only part of a ReadProcessMemory or WriteProcessMemory request was completed. (0x12B)
[0917/080840.853:WARNING:pe_image_reader.cc(281)] could not read dos header from C:\Windows\system32\PSAPI.DLL
[0917/080840.853:ERROR:process_reader_win.cc(242)] ReadMemory at 0x7ffd74c70000 of 64 bytes failed: Only part of a ReadProcessMemory or WriteProcessMemory request was completed. (0x12B)
[0917/080840.853:WARNING:pe_image_reader.cc(281)] could not read dos header from C:\Windows\SYSTEM32\combase.dll
[0917/080840.853:ERROR:process_reader_win.cc(242)] ReadMemory at 0x7ffd752b0000 of 64 bytes failed: Only part of a ReadProcessMemory or WriteProcessMemory request was completed. (0x12B)
[0917/080840.853:WARNING:pe_image_reader.cc(281)] could not read dos header from C:\Windows\system32\GDI32.dll
[0917/080840.853:ERROR:process_reader_win.cc(242)] ReadMemory at 0x7ffd75aa0000 of 64 bytes failed: Only part of a ReadProcessMemory or WriteProcessMemory request was completed. (0x12B)
[0917/080840.853:WARNING:pe_image_reader.cc(281)] could not read dos header from C:\Windows\system32\USER32.dll
[0917/080840.853:ERROR:process_reader_win.cc(242)] ReadMemory at 0x7ffd74a70000 of 64 bytes failed: Only part of a ReadProcessMemory or WriteProcessMemory request was completed. (0x12B)
[0917/080840.853:WARNING:pe_image_reader.cc(281)] could not read dos header from C:\Windows\system32\MSCTF.dll
[0917/080840.854:ERROR:process_reader_win.cc(242)] ReadMemory at 0x7ffd75920000 of 64 bytes failed: Only part of a ReadProcessMemory or WriteProcessMemory request was completed. (0x12B)
[0917/080840.854:WARNING:pe_image_reader.cc(281)] could not read dos header from C:\Windows\system32\IMM32.DLL
[0917/080840.854:ERROR:process_reader_win.cc(242)] ReadMemory at 0x7ffd750b0000 of 64 bytes failed: Only part of a ReadProcessMemory or WriteProcessMemory request was completed. (0x12B)
[0917/080840.854:WARNING:pe_image_reader.cc(281)] could not read dos header from C:\Windows\system32\SHLWAPI.dll
[0917/080840.854:ERROR:process_reader_win.cc(242)] ReadMemory at 0x7ffd75c90000 of 64 bytes failed: Only part of a ReadProcessMemory or WriteProcessMemory request was completed. (0x12B)
[0917/080840.854:WARNING:pe_image_reader.cc(281)] could not read dos header from C:\Windows\system32\SHELL32.dll
[0917/080840.854:ERROR:process_reader_win.cc(242)] ReadMemory at 0x7ffd748b0000 of 64 bytes failed: Only part of a ReadProcessMemory or WriteProcessMemory request was completed. (0x12B)
[0917/080840.854:WARNING:pe_image_reader.cc(281)] could not read dos header from C:\Windows\SYSTEM32\cfgmgr32.dll
[0917/080840.854:ERROR:process_reader_win.cc(242)] ReadMemory at 0x7ffd72930000 of 64 bytes failed: Only part of a ReadProcessMemory or WriteProcessMemory request was completed. (0x12B)
[0917/080840.854:WARNING:pe_image_reader.cc(281)] could not read dos header from C:\Windows\SYSTEM32\DEVOBJ.dll
[0917/080840.854:ERROR:process_reader_win.cc(242)] ReadMemory at 0x7ffd67cd0000 of 64 bytes failed: Only part of a ReadProcessMemory or WriteProcessMemory request was completed. (0x12B)
[0917/080840.854:WARNING:pe_image_reader.cc(281)] could not read dos header from C:\Windows\SYSTEM32\WINMMBASE.dll
[0917/080840.854:ERROR:process_reader_win.cc(242)] ReadMemory at 0x7ffd67d00000 of 64 bytes failed: Only part of a ReadProcessMemory or WriteProcessMemory request was completed. (0x12B)
[0917/080840.854:WARNING:pe_image_reader.cc(281)] could not read dos header from C:\Windows\SYSTEM32\WINMM.dll
[0917/080840.854:ERROR:process_reader_win.cc(242)] ReadMemory at 0x7ffd74500000 of 64 bytes failed: Only part of a ReadProcessMemory or WriteProcessMemory request was completed. (0x12B)
[0917/080840.854:WARNING:pe_image_reader.cc(281)] could not read dos header from C:\Windows\SYSTEM32\profapi.dll
[0917/080840.854:ERROR:process_reader_win.cc(242)] ReadMemory at 0x7ffd737b0000 of 64 bytes failed: Only part of a ReadProcessMemory or WriteProcessMemory request was completed. (0x12B)
[0917/080840.854:WARNING:pe_image_reader.cc(281)] could not read dos header from C:\Windows\SYSTEM32\USERENV.dll
[0917/080840.854:ERROR:process_reader_win.cc(242)] ReadMemory at 0x7ffd6c1d0000 of 64 bytes failed: Only part of a ReadProcessMemory or WriteProcessMemory request was completed. (0x12B)
[0917/080840.854:WARNING:pe_image_reader.cc(281)] could not read dos header from C:\Windows\SYSTEM32\WINHTTP.dll
[0917/080840.854:ERROR:process_reader_win.cc(242)] ReadMemory at 0x7ffd743e0000 of 64 bytes failed: Only part of a ReadProcessMemory or WriteProcessMemory request was completed. (0x12B)
[0917/080840.854:WARNING:pe_image_reader.cc(281)] could not read dos header from C:\Windows\SYSTEM32\bcryptPrimitives.dll
[0917/080840.854:ERROR:process_reader_win.cc(242)] ReadMemory at 0x7ffd74440000 of 64 bytes failed: Only part of a ReadProcessMemory or WriteProcessMemory request was completed. (0x12B)
[0917/080840.854:WARNING:pe_image_reader.cc(281)] could not read dos header from C:\Windows\SYSTEM32\CRYPTBASE.DLL
[0917/080840.854:ERROR:process_reader_win.cc(242)] ReadMemory at 0x7ffd731f0000 of 64 bytes failed: Only part of a ReadProcessMemory or WriteProcessMemory request was completed. (0x12B)
[0917/080840.854:WARNING:pe_image_reader.cc(281)] could not read dos header from C:\Windows\SYSTEM32\shcore.dll
[0917/080840.854:ERROR:process_reader_win.cc(242)] ReadMemory at 0x7ffd754a0000 of 64 bytes failed: Only part of a ReadProcessMemory or WriteProcessMemory request was completed. (0x12B)
[0917/080840.854:WARNING:pe_image_reader.cc(281)] could not read dos header from C:\Windows\system32\ole32.dll
[0917/080840.855:ERROR:process_reader_win.cc(242)] ReadMemory at 0x7ffd74bb0000 of 64 bytes failed: Only part of a ReadProcessMemory or WriteProcessMemory request was completed. (0x12B)
[0917/080840.855:WARNING:pe_image_reader.cc(281)] could not read dos header from C:\Windows\system32\OLEAUT32.dll
[0917/080840.855:ERROR:process_reader_win.cc(242)] ReadMemory at 0x7ffd75620000 of 64 bytes failed: Only part of a ReadProcessMemory or WriteProcessMemory request was completed. (0x12B)
[0917/080840.855:WARNING:pe_image_reader.cc(281)] could not read dos header from C:\Windows\system32\NSI.dll
[0917/080840.855:ERROR:process_reader_win.cc(242)] ReadMemory at 0x7ffd74a10000 of 64 bytes failed: Only part of a ReadProcessMemory or WriteProcessMemory request was completed. (0x12B)
[0917/080840.855:WARNING:pe_image_reader.cc(281)] could not read dos header from C:\Windows\system32\WS2_32.dll
[0917/080840.855:ERROR:process_reader_win.cc(242)] ReadMemory at 0x7ffd73e00000 of 64 bytes failed: Only part of a ReadProcessMemory or WriteProcessMemory request was completed. (0x12B)
[0917/080840.855:WARNING:pe_image_reader.cc(281)] could not read dos header from C:\Windows\WinSxS\amd64_microsoft.windows.common-controls_6595b64144ccf1df_6.0.9600.16384_none_62475f7becb72503\COMCTL32.dll
[0917/080840.855:ERROR:process_reader_win.cc(242)] ReadMemory at 0x7ffd75400000 of 64 bytes failed: Only part of a ReadProcessMemory or WriteProcessMemory request was completed. (0x12B)
[0917/080840.855:WARNING:pe_image_reader.cc(281)] could not read dos header from C:\Windows\system32\COMDLG32.dll
[0917/080840.855:ERROR:process_reader_win.cc(242)] ReadMemory at 0x7ffd6bb50000 of 64 bytes failed: Only part of a ReadProcessMemory or WriteProcessMemory request was completed. (0x12B)
[0917/080840.855:WARNING:pe_image_reader.cc(281)] could not read dos header from C:\Windows\SYSTEM32\dbghelp.dll
[0917/080840.855:ERROR:process_reader_win.cc(242)] ReadMemory at 0x7ffd698f0000 of 64 bytes failed: Only part of a ReadProcessMemory or WriteProcessMemory request was completed. (0x12B)
[0917/080840.855:WARNING:pe_image_reader.cc(281)] could not read dos header from C:\Windows\SYSTEM32\USP10.dll
[0917/080840.855:ERROR:process_reader_win.cc(242)] ReadMemory at 0x7ffd6e7e0000 of 64 bytes failed: Only part of a ReadProcessMemory or WriteProcessMemory request was completed. (0x12B)
[0917/080840.855:WARNING:pe_image_reader.cc(281)] could not read dos header from C:\Windows\SYSTEM32\WINSPOOL.DRV
[0917/080840.855:ERROR:process_reader_win.cc(242)] ReadMemory at 0x7ffd6f6d0000 of 64 bytes failed: Only part of a ReadProcessMemory or WriteProcessMemory request was completed. (0x12B)
[0917/080840.855:WARNING:pe_image_reader.cc(281)] could not read dos header from C:\Windows\SYSTEM32\DWrite.dll
[0917/080840.855:ERROR:process_reader_win.cc(242)] ReadMemory at 0x7ffd745b0000 of 64 bytes failed: Only part of a ReadProcessMemory or WriteProcessMemory request was completed. (0x12B)
[0917/080840.855:WARNING:pe_image_reader.cc(281)] could not read dos header from C:\Windows\system32\MSASN1.dll
[0917/080840.855:ERROR:process_reader_win.cc(242)] ReadMemory at 0x7ffd745d0000 of 64 bytes failed: Only part of a ReadProcessMemory or WriteProcessMemory request was completed. (0x12B)
[0917/080840.855:WARNING:pe_image_reader.cc(281)] could not read dos header from C:\Windows\system32\CRYPT32.dll
[0917/080840.855:ERROR:process_reader_win.cc(242)] ReadMemory at 0x7ffd729a0000 of 64 bytes failed: Only part of a ReadProcessMemory or WriteProcessMemory request was completed. (0x12B)
[0917/080840.855:WARNING:pe_image_reader.cc(281)] could not read dos header from C:\Windows\SYSTEM32\WINNSI.DLL
[0917/080840.855:ERROR:process_reader_win.cc(242)] ReadMemory at 0x7ffd729b0000 of 64 bytes failed: Only part of a ReadProcessMemory or WriteProcessMemory request was completed. (0x12B)
[0917/080840.855:WARNING:pe_image_reader.cc(281)] could not read dos header from C:\Windows\SYSTEM32\IPHLPAPI.DLL
[0917/080840.855:ERROR:process_reader_win.cc(242)] ReadMemory at 0x7ffd70ac0000 of 64 bytes failed: Only part of a ReadProcessMemory or WriteProcessMemory request was completed. (0x12B)
[0917/080840.855:WARNING:pe_image_reader.cc(281)] could not read dos header from C:\Windows\SYSTEM32\Secur32.dll
[0917/080840.855:ERROR:process_reader_win.cc(242)] ReadMemory at 0x7ffd6c5c0000 of 64 bytes failed: Only part of a ReadProcessMemory or WriteProcessMemory request was completed. (0x12B)
[0917/080840.856:WARNING:pe_image_reader.cc(281)] could not read dos header from C:\Windows\SYSTEM32\iertutil.dll
[0917/080840.856:ERROR:process_reader_win.cc(242)] ReadMemory at 0x7ffd6c380000 of 64 bytes failed: Only part of a ReadProcessMemory or WriteProcessMemory request was completed. (0x12B)
[0917/080840.856:WARNING:pe_image_reader.cc(281)] could not read dos header from C:\Windows\SYSTEM32\WININET.dll
[0917/080840.856:ERROR:process_reader_win.cc(242)] ReadMemory at 0x7ffd6c8d0000 of 64 bytes failed: Only part of a ReadProcessMemory or WriteProcessMemory request was completed. (0x12B)
[0917/080840.856:WARNING:pe_image_reader.cc(281)] could not read dos header from C:\Windows\SYSTEM32\urlmon.dll
[0917/080840.856:ERROR:process_reader_win.cc(242)] ReadMemory at 0x7ffd74860000 of 64 bytes failed: Only part of a ReadProcessMemory or WriteProcessMemory request was completed. (0x12B)
[0917/080840.856:WARNING:pe_image_reader.cc(281)] could not read dos header from C:\Windows\system32\WINTRUST.dll
[0917/080840.856:ERROR:process_reader_win.cc(242)] ReadMemory at 0x7ffd743b0000 of 64 bytes failed: Only part of a ReadProcessMemory or WriteProcessMemory request was completed. (0x12B)
[0917/080840.856:WARNING:pe_image_reader.cc(281)] could not read dos header from C:\Windows\SYSTEM32\SSPICLI.DLL
[0917/080840.856:ERROR:process_reader_win.cc(242)] ReadMemory at 0x7ffd4c570000 of 64 bytes failed: Only part of a ReadProcessMemory or WriteProcessMemory request was completed. (0x12B)
[0917/080840.856:WARNING:pe_image_reader.cc(281)] could not read dos header from C:\Program Files (x86)\Google\Chrome\Application\60.0.3112.113\chrome_child.dll
[0917/080840.856:ERROR:process_reader_win.cc(242)] ReadMemory at 0x7ffd50cf0000 of 64 bytes failed: Only part of a ReadProcessMemory or WriteProcessMemory request was completed. (0x12B)
[0917/080840.856:WARNING:pe_image_reader.cc(281)] could not read dos header from C:\Program Files\AVAST Software\Avast\x64\aswJsFlt.dll
[0917/080840.856:ERROR:process_reader_win.cc(242)] ReadMemory at 0x7ffd4c4d0000 of 64 bytes failed: Only part of a ReadProcessMemory or WriteProcessMemory request was completed. (0x12B)
[0917/080840.856:WARNING:pe_image_reader.cc(281)] could not read dos header from C:\Windows\SYSTEM32\mf.dll
[0917/080840.856:ERROR:process_reader_win.cc(242)] ReadMemory at 0x7ffd54f10000 of 64 bytes failed: Only part of a ReadProcessMemory or WriteProcessMemory request was completed. (0x12B)
[0917/080840.856:WARNING:pe_image_reader.cc(281)] could not read dos header from C:\Windows\SYSTEM32\mfplat.dll
[0917/080840.856:ERROR:process_reader_win.cc(242)] ReadMemory at 0x7ffd72980000 of 64 bytes failed: Only part of a ReadProcessMemory or WriteProcessMemory request was completed. (0x12B)
[0917/080840.856:WARNING:pe_image_reader.cc(281)] could not read dos header from C:\Windows\SYSTEM32\kernel.appcore.dll
[0917/080840.856:ERROR:process_reader_win.cc(242)] ReadMemory at 0x7ffd71e00000 of 64 bytes failed: Only part of a ReadProcessMemory or WriteProcessMemory request was completed. (0x12B)
[0917/080840.856:WARNING:pe_image_reader.cc(281)] could not read dos header from C:\Windows\SYSTEM32\AVRT.dll
[0917/080840.856:ERROR:process_reader_win.cc(242)] ReadMemory at 0x7ffd69010000 of 64 bytes failed: Only part of a ReadProcessMemory or WriteProcessMemory request was completed. (0x12B)
[0917/080840.856:WARNING:pe_image_reader.cc(281)] could not read dos header from C:\Windows\SYSTEM32\RTWorkQ.DLL
[0917/080840.856:ERROR:process_reader_win.cc(242)] ReadMemory at 0x7ffd73a60000 of 64 bytes failed: Only part of a ReadProcessMemory or WriteProcessMemory request was completed. (0x12B)
[0917/080840.856:WARNING:pe_image_reader.cc(281)] could not read dos header from C:\Windows\SYSTEM32\CRYPTSP.dll
[0917/080840.856:ERROR:process_reader_win.cc(242)] ReadMemory at 0x7ffd73d00000 of 64 bytes failed: Only part of a ReadProcessMemory or WriteProcessMemory request was completed. (0x12B)
[0917/080840.856:WARNING:pe_image_reader.cc(281)] could not read dos header from C:\Windows\SYSTEM32\bcrypt.dll
[0917/080840.856:ERROR:process_reader_win.cc(242)] ReadMemory at 0x7ffd54820000 of 64 bytes failed: Only part of a ReadProcessMemory or WriteProcessMemory request was completed. (0x12B)
[0917/080840.856:WARNING:pe_image_reader.cc(281)] could not read dos header from C:\Windows\SYSTEM32\msmpeg2vdec.dll
[0917/080840.856:ERROR:process_reader_win.cc(242)] ReadMemory at 0x7ffd4c4a0000 of 64 bytes failed: Only part of a ReadProcessMemory or WriteProcessMemory request was completed. (0x12B)
[0917/080840.856:WARNING:pe_image_reader.cc(281)] could not read dos header from C:\Windows\SYSTEM32\dxva2.dll
[0917/080840.856:ERROR:process_reader_win.cc(242)] ReadMemory at 0x7ffd4c440000 of 64 bytes failed: Only part of a ReadProcessMemory or WriteProcessMemory request was completed. (0x12B)
[0917/080840.856:WARNING:pe_image_reader.cc(281)] could not read dos header from C:\Windows\SYSTEM32\msvproc.dll
[0917/080840.856:ERROR:process_reader_win.cc(242)] ReadMemory at 0x7ffd4c030000 of 64 bytes failed: Only part of a ReadProcessMemory or WriteProcessMemory request was completed. (0x12B)
[0917/080840.857:WARNING:pe_image_reader.cc(281)] could not read dos header from C:\Windows\SYSTEM32\D3DCompiler_47.dll
[0917/080840.857:ERROR:process_reader_win.cc(242)] ReadMemory at 0x7ffd71fb0000 of 64 bytes failed: Only part of a ReadProcessMemory or WriteProcessMemory request was completed. (0x12B)
[0917/080840.857:WARNING:pe_image_reader.cc(281)] could not read dos header from C:\Windows\SYSTEM32\dwmapi.dll
[0917/080840.857:ERROR:process_reader_win.cc(242)] ReadMemory at 0x7ffd57c60000 of 64 bytes failed: Only part of a ReadProcessMemory or WriteProcessMemory request was completed. (0x12B)
[0917/080840.857:WARNING:pe_image_reader.cc(281)] could not read dos header from C:\Windows\SYSTEM32\d3d9.dll
[0917/080840.857:ERROR:process_reader_win.cc(242)] ReadMemory at 0x7ffd4bc70000 of 64 bytes failed: Only part of a ReadProcessMemory or WriteProcessMemory request was completed. (0x12B)
[0917/080840.857:WARNING:pe_image_reader.cc(281)] could not read dos header from C:\Program Files (x86)\Google\Chrome\Application\60.0.3112.113\libglesv2.dll
[0917/080840.857:ERROR:process_reader_win.cc(242)] ReadMemory at 0x7ffd4bc50000 of 64 bytes failed: Only part of a ReadProcessMemory or WriteProcessMemory request was completed. (0x12B)
[0917/080840.857:WARNING:pe_image_reader.cc(281)] could not read dos header from C:\Program Files (x86)\Google\Chrome\Application\60.0.3112.113\libegl.dll
[0917/080840.857:ERROR:process_reader_win.cc(242)] ReadMemory at 0x7ffd727b0000 of 64 bytes failed: Only part of a ReadProcessMemory or WriteProcessMemory request was completed. (0x12B)
[0917/080840.857:WARNING:pe_image_reader.cc(281)] could not read dos header from C:\Windows\system32\uxtheme.dll
[0917/080840.857:ERROR:process_reader_win.cc(242)] ReadMemory at 0x7ffd716d0000 of 64 bytes failed: Only part of a ReadProcessMemory or WriteProcessMemory request was completed. (0x12B)
[0917/080840.857:WARNING:pe_image_reader.cc(281)] could not read dos header from C:\Windows\SYSTEM32\aticfx64.dll
[0917/080840.857:ERROR:process_reader_win.cc(242)] ReadMemory at 0x7ffd57c40000 of 64 bytes failed: Only part of a ReadProcessMemory or WriteProcessMemory request was completed. (0x12B)
[0917/080840.857:WARNING:pe_image_reader.cc(281)] could not read dos header from C:\Windows\SYSTEM32\atiu9p64.dll
[0917/080840.857:ERROR:process_reader_win.cc(242)] ReadMemory at 0x7ffd6f9a0000 of 64 bytes failed: Only part of a ReadProcessMemory or WriteProcessMemory request was completed. (0x12B)
[0917/080840.857:WARNING:pe_image_reader.cc(281)] could not read dos header from C:\Windows\SYSTEM32\igdusc64.dll
[0917/080840.857:ERROR:process_reader_win.cc(242)] ReadMemory at 0x7ffd57210000 of 64 bytes failed: Only part of a ReadProcessMemory or WriteProcessMemory request was completed. (0x12B)
[0917/080840.857:WARNING:pe_image_reader.cc(281)] could not read dos header from C:\Windows\SYSTEM32\igdumdim64.dll
[0917/080840.857:ERROR:process_reader_win.cc(242)] ReadMemory at 0x7ffd56b20000 of 64 bytes failed: Only part of a ReadProcessMemory or WriteProcessMemory request was completed. (0x12B)
[0917/080840.857:WARNING:pe_image_reader.cc(281)] could not read dos header from C:\Windows\SYSTEM32\atiumd64.dll
[0917/080840.857:ERROR:process_reader_win.cc(242)] ReadMemory at 0x7ffd74e50000 of 64 bytes failed: Only part of a ReadProcessMemory or WriteProcessMemory request was completed. (0x12B)
[0917/080840.857:WARNING:pe_image_reader.cc(281)] could not read dos header from C:\Windows\SYSTEM32\clbcatq.dll
[0917/080840.857:ERROR:process_reader_win.cc(242)] ReadMemory at 0x7ffd4ba30000 of 64 bytes failed: Only part of a ReadProcessMemory or WriteProcessMemory request was completed. (0x12B)
[0917/080840.857:WARNING:pe_image_reader.cc(281)] could not read dos header from C:\Windows\System32\mfh264enc.dll
[0917/080841.026:ERROR:process_reader_win.cc(242)] ReadMemory at 0xaa4ab9e000 of 73728 bytes failed: Only part of a ReadProcessMemory or WriteProcessMemory request was completed. (0x12B)
[0917/080841.026:ERROR:crash_report_exception_handler.cc(116)] WriteEverything failed
[0917/080841.027:ERROR:scoped_process_suspend.cc(39)] NtResumeProcess: An attempt was made to access an exiting process.  (0xc000010a)
